SweetSpot/app/build/intermediates/manifest_merge_blame_file/debug/processDebugMainManifest/manifest-merger-blame-debug-report.txt
1<?xml version="1.0" encoding="utf-8"?>
2<manifest xmlns:android="http://schemas.android.com/apk/res/android"
3    package="com.gen.SweetSpot"
4    android:versionCode="1"
5    android:versionName="1.0" >
6
7    <uses-sdk
8        android:minSdkVersion="24"
9        android:targetSdkVersion="34" />
10
11    <uses-feature
11-->src\main\AndroidManifest.xml:3:5-85
12        android:name="android.hardware.camera"
12-->src\main\AndroidManifest.xml:3:19-57
13        android:required="false" />
13-->src\main\AndroidManifest.xml:3:58-82
14
15    <uses-permission android:name="android.permission.CAMERA" />
15-->src\main\AndroidManifest.xml:4:5-65
15-->src\main\AndroidManifest.xml:4:22-62
16    <uses-permission
16-->src\main\AndroidManifest.xml:5:5-108
17        android:name="android.permission.WRITE_EXTERNAL_STORAGE"
17-->src\main\AndroidManifest.xml:5:22-78
18        android:maxSdkVersion="28" />
18-->src\main\AndroidManifest.xml:5:79-105
19    <uses-permission
19-->src\main\AndroidManifest.xml:6:5-107
20        android:name="android.permission.READ_EXTERNAL_STORAGE"
20-->src\main\AndroidManifest.xml:6:22-77
21        android:maxSdkVersion="28" />
21-->src\main\AndroidManifest.xml:6:78-104
22    <uses-permission android:name="android.permission.INTERNET" />
22-->src\main\AndroidManifest.xml:7:5-67
22-->src\main\AndroidManifest.xml:7:22-64
23    <uses-permission android:name="android.permission.ACCESS_FINE_LOCATION" />
23-->src\main\AndroidManifest.xml:8:5-79
23-->src\main\AndroidManifest.xml:8:22-76
24    <uses-permission android:name="android.permission.ACCESS_COARSE_LOCATION" />
24-->src\main\AndroidManifest.xml:9:5-81
24-->src\main\AndroidManifest.xml:9:22-78
25
26    <!-- Include required permissions for Google Maps API to run. -->
27    <uses-permission android:name="android.permission.ACCESS_NETWORK_STATE" />
27-->[com.google.android.gms:play-services-maps:18.2.0] AndroidManifest.xml:23:5-79
27-->[com.google.android.gms:play-services-maps:18.2.0] AndroidManifest.xml:23:22-76
28
29    <uses-feature
29-->[com.google.android.gms:play-services-maps:18.2.0] AndroidManifest.xml:26:5-28:35
30        android:glEsVersion="0x00020000"
30-->[com.google.android.gms:play-services-maps:18.2.0] AndroidManifest.xml:27:9-41
31        android:required="true" />
31-->[com.google.android.gms:play-services-maps:18.2.0] AndroidManifest.xml:28:9-32
32
33    <queries>
33-->[com.google.android.gms:play-services-maps:18.2.0] AndroidManifest.xml:30:5-34:15
34
35        <!-- Needs to be explicitly declared on Android R+ -->
36        <package android:name="com.google.android.apps.maps" />
36-->[com.google.android.gms:play-services-maps:18.2.0] AndroidManifest.xml:33:9-64
36-->[com.google.android.gms:play-services-maps:18.2.0] AndroidManifest.xml:33:18-61
37    </queries>
38
39    <permission
39-->[androidx.core:core:1.16.0] AndroidManifest.xml:22:5-24:47
40        android:name="com.gen.SweetSpot.DYNAMIC_RECEIVER_NOT_EXPORTED_PERMISSION"
40-->[androidx.core:core:1.16.0] AndroidManifest.xml:23:9-81
41        android:protectionLevel="signature" />
41-->[androidx.core:core:1.16.0] AndroidManifest.xml:24:9-44
42
43    <uses-permission android:name="com.gen.SweetSpot.DYNAMIC_RECEIVER_NOT_EXPORTED_PERMISSION" />
43-->[androidx.core:core:1.16.0] AndroidManifest.xml:26:5-97
43-->[androidx.core:core:1.16.0] AndroidManifest.xml:26:22-94
44
45    <application
45-->src\main\AndroidManifest.xml:11:5-64:19
46        android:allowBackup="true"
46-->src\main\AndroidManifest.xml:12:9-35
47        android:appComponentFactory="androidx.core.app.CoreComponentFactory"
47-->[androidx.core:core:1.16.0] AndroidManifest.xml:28:18-86
48        android:debuggable="true"
49        android:extractNativeLibs="false"
50        android:icon="@mipmap/ic_launcher"
50-->src\main\AndroidManifest.xml:13:9-43
51        android:label="@string/app_name"
51-->src\main\AndroidManifest.xml:14:9-41
52        android:roundIcon="@mipmap/ic_launcher_round"
52-->src\main\AndroidManifest.xml:15:9-54
53        android:supportsRtl="true"
53-->src\main\AndroidManifest.xml:16:9-35
54        android:testOnly="true"
55        android:theme="@style/Theme.SWEETSPOT" >
55-->src\main\AndroidManifest.xml:17:9-47
56        <meta-data
56-->src\main\AndroidManifest.xml:19:9-21:71
57            android:name="com.google.android.geo.API_KEY"
57-->src\main\AndroidManifest.xml:20:13-58
58            android:value="AIzaSyCr9HGwnK587st9m57Ax8VCyFmj3qPol3o" />
58-->src\main\AndroidManifest.xml:21:13-68
59
60        <activity
60-->src\main\AndroidManifest.xml:23:9-31:20
61            android:name="com.gen.SweetSpot.HomeActivity"
61-->src\main\AndroidManifest.xml:24:13-58
62            android:exported="true"
62-->src\main\AndroidManifest.xml:25:13-36
63            android:launchMode="singleTop" >
63-->src\main\AndroidManifest.xml:26:13-43
64            <intent-filter>
64-->src\main\AndroidManifest.xml:27:13-30:29
65                <action android:name="android.intent.action.MAIN" />
65-->src\main\AndroidManifest.xml:28:17-69
65-->src\main\AndroidManifest.xml:28:25-66
66
67                <category android:name="android.intent.category.LAUNCHER" />
67-->src\main\AndroidManifest.xml:29:17-77
67-->src\main\AndroidManifest.xml:29:27-74
68            </intent-filter>
69        </activity>
70        <activity
70-->src\main\AndroidManifest.xml:33:9-36:40
71            android:name="com.gen.SweetSpot.MainActivity"
71-->src\main\AndroidManifest.xml:34:13-41
72            android:exported="false"
72-->src\main\AndroidManifest.xml:36:13-37
73            android:launchMode="singleTop" />
73-->src\main\AndroidManifest.xml:35:13-43
74        <activity
74-->src\main\AndroidManifest.xml:38:9-41:40
75            android:name="com.gen.SweetSpot.BoardActivity"
75-->src\main\AndroidManifest.xml:39:13-42
76            android:exported="false"
76-->src\main\AndroidManifest.xml:41:13-37
77            android:launchMode="singleTop" />
77-->src\main\AndroidManifest.xml:40:13-43
78        <activity
78-->src\main\AndroidManifest.xml:43:9-46:40
79            android:name="com.gen.SweetSpot.MypageActivity"
79-->src\main\AndroidManifest.xml:44:13-43
80            android:exported="false"
80-->src\main\AndroidManifest.xml:46:13-37
81            android:launchMode="singleTop" />
81-->src\main\AndroidManifest.xml:45:13-43
82        <activity
82-->src\main\AndroidManifest.xml:48:9-50:40
83            android:name="com.gen.SweetSpot.PostViewActivity"
83-->src\main\AndroidManifest.xml:49:13-45
84            android:exported="false" />
84-->src\main\AndroidManifest.xml:50:13-37
85        <activity
85-->src\main\AndroidManifest.xml:52:9-54:40
86            android:name="com.gen.SweetSpot.PinViewActivity"
86-->src\main\AndroidManifest.xml:53:13-44
87            android:exported="false" />
87-->src\main\AndroidManifest.xml:54:13-37
88        <activity
88-->src\main\AndroidManifest.xml:56:9-58:40
89            android:name="com.gen.SweetSpot.UserPostListActivity"
89-->src\main\AndroidManifest.xml:57:13-49
90            android:exported="false" />
90-->src\main\AndroidManifest.xml:58:13-37
91        <activity
91-->src\main\AndroidManifest.xml:60:9-62:40
92            android:name="com.gen.SweetSpot.UserPinListActivity"
92-->src\main\AndroidManifest.xml:61:13-48
93            android:exported="false" />
93-->src\main\AndroidManifest.xml:62:13-37
94        <activity
94-->[androidx.compose.ui:ui-tooling-android:1.5.0] AndroidManifest.xml:23:9-25:39
95            android:name="androidx.compose.ui.tooling.PreviewActivity"
95-->[androidx.compose.ui:ui-tooling-android:1.5.0] AndroidManifest.xml:24:13-71
96            android:exported="true" />
96-->[androidx.compose.ui:ui-tooling-android:1.5.0] AndroidManifest.xml:25:13-36
97        <activity
97-->[androidx.compose.ui:ui-test-manifest:1.5.0] AndroidManifest.xml:23:9-25:39
98            android:name="androidx.activity.ComponentActivity"
98-->[androidx.compose.ui:ui-test-manifest:1.5.0] AndroidManifest.xml:24:13-63
99            android:exported="true" /> <!-- Needs to be explicitly declared on P+ -->
99-->[androidx.compose.ui:ui-test-manifest:1.5.0] AndroidManifest.xml:25:13-36
100        <uses-library
100-->[com.google.android.gms:play-services-maps:18.2.0] AndroidManifest.xml:39:9-41:40
101            android:name="org.apache.http.legacy"
101-->[com.google.android.gms:play-services-maps:18.2.0] AndroidManifest.xml:40:13-50
102            android:required="false" />
102-->[com.google.android.gms:play-services-maps:18.2.0] AndroidManifest.xml:41:13-37
103
104        <activity
104-->[com.google.android.gms:play-services-base:18.3.0] AndroidManifest.xml:20:9-22:45
105            android:name="com.google.android.gms.common.api.GoogleApiActivity"
105-->[com.google.android.gms:play-services-base:18.3.0] AndroidManifest.xml:20:19-85
106            android:exported="false"
106-->[com.google.android.gms:play-services-base:18.3.0] AndroidManifest.xml:22:19-43
107            android:theme="@android:style/Theme.Translucent.NoTitleBar" />
107-->[com.google.android.gms:play-services-base:18.3.0] AndroidManifest.xml:21:19-78
108
109        <meta-data
109-->[com.google.android.gms:play-services-basement:18.3.0] AndroidManifest.xml:21:9-23:69
110            android:name="com.google.android.gms.version"
110-->[com.google.android.gms:play-services-basement:18.3.0] AndroidManifest.xml:22:13-58
111            android:value="@integer/google_play_services_version" />
111-->[com.google.android.gms:play-services-basement:18.3.0] AndroidManifest.xml:23:13-66
112
113        <provider
113-->[androidx.emoji2:emoji2:1.4.0] AndroidManifest.xml:24:9-32:20
114            android:name="androidx.startup.InitializationProvider"
114-->[androidx.emoji2:emoji2:1.4.0] AndroidManifest.xml:25:13-67
115            android:authorities="com.gen.SweetSpot.androidx-startup"
115-->[androidx.emoji2:emoji2:1.4.0] AndroidManifest.xml:26:13-68
116            android:exported="false" >
116-->[androidx.emoji2:emoji2:1.4.0] AndroidManifest.xml:27:13-37
117            <meta-data
117-->[androidx.emoji2:emoji2:1.4.0] AndroidManifest.xml:29:13-31:52
118                android:name="androidx.emoji2.text.EmojiCompatInitializer"
118-->[androidx.emoji2:emoji2:1.4.0] AndroidManifest.xml:30:17-75
119                android:value="androidx.startup" />
119-->[androidx.emoji2:emoji2:1.4.0] AndroidManifest.xml:31:17-49
120            <meta-data
120-->[androidx.lifecycle:lifecycle-process:2.6.2] AndroidManifest.xml:29:13-31:52
121                android:name="androidx.lifecycle.ProcessLifecycleInitializer"
121-->[androidx.lifecycle:lifecycle-process:2.6.2] AndroidManifest.xml:30:17-78
122                android:value="androidx.startup" />
122-->[androidx.lifecycle:lifecycle-process:2.6.2] AndroidManifest.xml:31:17-49
123            <meta-data
123-->[androidx.profileinstaller:profileinstaller:1.3.0] AndroidManifest.xml:29:13-31:52
124                android:name="androidx.profileinstaller.ProfileInstallerInitializer"
124-->[androidx.profileinstaller:profileinstaller:1.3.0] AndroidManifest.xml:30:17-85
125                android:value="androidx.startup" />
125-->[androidx.profileinstaller:profileinstaller:1.3.0] AndroidManifest.xml:31:17-49
126        </provider>
127
128        <receiver
128-->[androidx.profileinstaller:profileinstaller:1.3.0] AndroidManifest.xml:34:9-52:20
129            android:name="androidx.profileinstaller.ProfileInstallReceiver"
129-->[androidx.profileinstaller:profileinstaller:1.3.0] AndroidManifest.xml:35:13-76
130            android:directBootAware="false"
130-->[androidx.profileinstaller:profileinstaller:1.3.0] AndroidManifest.xml:36:13-44
131            android:enabled="true"
131-->[androidx.profileinstaller:profileinstaller:1.3.0] AndroidManifest.xml:37:13-35
132            android:exported="true"
132-->[androidx.profileinstaller:profileinstaller:1.3.0] AndroidManifest.xml:38:13-36
133            android:permission="android.permission.DUMP" >
133-->[androidx.profileinstaller:profileinstaller:1.3.0] AndroidManifest.xml:39:13-57
134            <intent-filter>
134-->[androidx.profileinstaller:profileinstaller:1.3.0] AndroidManifest.xml:40:13-42:29
135                <action android:name="androidx.profileinstaller.action.INSTALL_PROFILE" />
135-->[androidx.profileinstaller:profileinstaller:1.3.0] AndroidManifest.xml:41:17-91
135-->[androidx.profileinstaller:profileinstaller:1.3.0] AndroidManifest.xml:41:25-88
136            </intent-filter>
137            <intent-filter>
137-->[androidx.profileinstaller:profileinstaller:1.3.0] AndroidManifest.xml:43:13-45:29
138                <action android:name="androidx.profileinstaller.action.SKIP_FILE" />
138-->[androidx.profileinstaller:profileinstaller:1.3.0] AndroidManifest.xml:44:17-85
138-->[androidx.profileinstaller:profileinstaller:1.3.0] AndroidManifest.xml:44:25-82
139            </intent-filter>
140            <intent-filter>
140-->[androidx.profileinstaller:profileinstaller:1.3.0] AndroidManifest.xml:46:13-48:29
141                <action android:name="androidx.profileinstaller.action.SAVE_PROFILE" />
141-->[androidx.profileinstaller:profileinstaller:1.3.0] AndroidManifest.xml:47:17-88
141-->[androidx.profileinstaller:profileinstaller:1.3.0] AndroidManifest.xml:47:25-85
142            </intent-filter>
143            <intent-filter>
143-->[androidx.profileinstaller:profileinstaller:1.3.0] AndroidManifest.xml:49:13-51:29
144                <action android:name="androidx.profileinstaller.action.BENCHMARK_OPERATION" />
144-->[androidx.profileinstaller:profileinstaller:1.3.0] AndroidManifest.xml:50:17-95
144-->[androidx.profileinstaller:profileinstaller:1.3.0] AndroidManifest.xml:50:25-92
145            </intent-filter>
146        </receiver>
147    </application>
148
149</manifest>